24-05-16 12:20:18.823 [background-preinit] INFO  o.h.validator.internal.util.Version - HV000001: Hibernate Validator 8.0.1.Final
24-05-16 12:20:19.987 [main] INFO  o.s.d.r.c.RepositoryConfigurationDelegate - Bootstrapping Spring Data JPA repositories in DEFAULT mode.
24-05-16 12:20:20.087 [main] INFO  o.s.d.r.c.RepositoryConfigurationDelegate - Finished Spring Data repository scanning in 91 ms. Found 5 JPA repository interfaces.
24-05-16 12:20:20.977 [main] INFO  o.s.b.w.e.tomcat.TomcatWebServer - Tomcat initialized with port 2448 (http)
24-05-16 12:20:20.987 [main] INFO  o.a.coyote.http11.Http11NioProtocol - Initializing ProtocolHandler ["http-nio-2448"]
24-05-16 12:20:20.990 [main] INFO  o.a.catalina.core.StandardService - Starting service [Tomcat]
24-05-16 12:20:20.991 [main] INFO  o.a.catalina.core.StandardEngine - Starting Servlet engine: [Apache Tomcat/10.1.20]
24-05-16 12:20:21.093 [main] INFO  o.a.c.c.C.[Tomcat].[localhost].[/] - Initializing Spring embedded WebApplicationContext
24-05-16 12:20:21.093 [main] INFO  o.s.b.w.s.c.ServletWebServerApplicationContext - Root WebApplicationContext: initialization completed in 2126 ms
24-05-16 12:20:21.204 [main] INFO  com.zaxxer.hikari.HikariDataSource - HikariPool-1 - Starting...
24-05-16 12:20:21.331 [main] INFO  com.zaxxer.hikari.pool.HikariPool - HikariPool-1 - Added connection org.sqlite.jdbc4.JDBC4Connection@1abcd059
24-05-16 12:20:21.333 [main] INFO  com.zaxxer.hikari.HikariDataSource - HikariPool-1 - Start completed.
24-05-16 12:20:21.434 [main] INFO  o.f.c.i.license.VersionPrinter - Flyway Community Edition 9.22.3 by Redgate
24-05-16 12:20:21.434 [main] INFO  o.f.c.i.license.VersionPrinter - See release notes here: https://rd.gt/416ObMi
24-05-16 12:20:21.434 [main] INFO  o.f.c.i.license.VersionPrinter - 
24-05-16 12:20:21.482 [main] INFO  org.flywaydb.core.FlywayExecutor - Database: jdbc:sqlite:./src/main/resources/db/server.db (SQLite 3.44)
24-05-16 12:20:21.565 [main] INFO  o.f.core.internal.command.DbValidate - Successfully validated 3 migrations (execution time 00:00.036s)
24-05-16 12:20:21.575 [main] INFO  o.f.core.internal.command.DbMigrate - Current version of schema "main": 3
24-05-16 12:20:21.578 [main] INFO  o.f.core.internal.command.DbMigrate - Schema "main" is up to date. No migration necessary.
24-05-16 12:20:21.723 [main] INFO  o.h.jpa.internal.util.LogHelper - HHH000204: Processing PersistenceUnitInfo [name: default]
24-05-16 12:20:21.821 [main] INFO  org.hibernate.Version - HHH000412: Hibernate ORM core version 6.4.4.Final
24-05-16 12:20:21.894 [main] INFO  o.h.c.i.RegionFactoryInitiator - HHH000026: Second-level cache disabled
24-05-16 12:20:22.282 [main] INFO  o.s.o.j.p.SpringPersistenceUnitInfo - No LoadTimeWeaver setup: ignoring JPA class transformer
24-05-16 12:20:23.845 [main] INFO  o.h.e.t.j.p.i.JtaPlatformInitiator - HHH000489: No JTA platform available (set 'hibernate.transaction.jta.platform' to enable JTA platform integration)
24-05-16 12:20:23.849 [main] INFO  o.s.o.j.LocalContainerEntityManagerFactoryBean - Initialized JPA EntityManagerFactory for persistence unit 'default'
24-05-16 12:20:24.377 [main] INFO  o.s.d.j.r.query.QueryEnhancerFactory - Hibernate is in classpath; If applicable, HQL parser will be used.
24-05-16 12:20:24.840 [main] WARN  o.s.b.a.o.j.JpaBaseConfiguration$JpaWebConfiguration - spring.jpa.open-in-view is enabled by default. Therefore, database queries may be performed during view rendering. Explicitly configure spring.jpa.open-in-view to disable this warning
24-05-16 12:20:25.323 [main] INFO  o.s.s.web.DefaultSecurityFilterChain - Will secure any request with [org.springframework.security.web.session.DisableEncodeUrlFilter@2b46d238, org.springframework.security.web.context.request.async.WebAsyncManagerIntegrationFilter@6364d449, org.springframework.security.web.context.SecurityContextHolderFilter@5ffae42f, org.springframework.security.web.header.HeaderWriterFilter@62ee32c6, org.springframework.web.filter.CorsFilter@fabe3f8, org.springframework.security.web.authentication.logout.LogoutFilter@3a5812dc, com.inkronsane.ReadArticlesServer.security.JwtAuthFilter@28721794, org.springframework.security.web.savedrequest.RequestCacheAwareFilter@1eedf268, org.springframework.security.web.servletapi.SecurityContextHolderAwareRequestFilter@654322b0, org.springframework.security.web.authentication.AnonymousAuthenticationFilter@11a88d87, org.springframework.security.web.session.SessionManagementFilter@4603845b, org.springframework.security.web.access.ExceptionTranslationFilter@2b35dde3, org.springframework.security.web.access.intercept.AuthorizationFilter@6725f9e0]
24-05-16 12:20:25.611 [main] INFO  o.a.coyote.http11.Http11NioProtocol - Starting ProtocolHandler ["http-nio-2448"]
24-05-16 12:20:25.635 [main] INFO  o.s.b.w.e.tomcat.TomcatWebServer - Tomcat started on port 2448 (http) with context path ''
24-05-16 12:20:49.991 [http-nio-2448-exec-1] INFO  o.a.c.c.C.[Tomcat].[localhost].[/] - Initializing Spring DispatcherServlet 'dispatcherServlet'
24-05-16 12:20:49.991 [http-nio-2448-exec-1] INFO  o.s.web.servlet.DispatcherServlet - Initializing Servlet 'dispatcherServlet'
24-05-16 12:20:49.994 [http-nio-2448-exec-1] INFO  o.s.web.servlet.DispatcherServlet - Completed initialization in 3 ms
