24-05-07 23:13:31.806 [background-preinit] INFO  o.h.validator.internal.util.Version - HV000001: Hibernate Validator 8.0.1.Final
24-05-07 23:13:31.904 [main] INFO  c.i.R.ReadArticlesServerApplication - Starting ReadArticlesServerApplication using Java 17.0.10 with PID 23680 (C:\Users\inkro\IdeaProjects\ReadArticlesServer\build\classes\java\main started by inkro in C:\Users\inkro\IdeaProjects\ReadArticlesServer)
24-05-07 23:13:31.905 [main] INFO  c.i.R.ReadArticlesServerApplication - No active profile set, falling back to 1 default profile: "default"
24-05-07 23:13:31.990 [main] INFO  o.s.b.d.c.l.DockerComposeLifecycleManager - Using Docker Compose file 'C:\Users\inkro\IdeaProjects\ReadArticlesServer\docker-compose.yml'
24-05-07 23:13:35.417 [OutputReader-stderr] INFO  o.s.b.docker.compose.core.DockerCli -  Container readarticlesserver-redis-1  Created
24-05-07 23:13:35.427 [OutputReader-stderr] INFO  o.s.b.docker.compose.core.DockerCli -  Container readarticlesserver-redis-1  Starting
24-05-07 23:13:37.408 [OutputReader-stderr] INFO  o.s.b.docker.compose.core.DockerCli -  Container readarticlesserver-redis-1  Started
24-05-07 23:13:37.409 [OutputReader-stderr] INFO  o.s.b.docker.compose.core.DockerCli -  Container readarticlesserver-redis-1  Waiting
24-05-07 23:13:37.928 [OutputReader-stderr] INFO  o.s.b.docker.compose.core.DockerCli -  Container readarticlesserver-redis-1  Healthy
24-05-07 23:13:40.132 [main] INFO  o.s.d.r.c.RepositoryConfigurationDelegate - Multiple Spring Data modules found, entering strict repository configuration mode
24-05-07 23:13:40.137 [main] INFO  o.s.d.r.c.RepositoryConfigurationDelegate - Bootstrapping Spring Data JPA repositories in DEFAULT mode.
24-05-07 23:13:40.368 [main] INFO  o.s.d.r.c.RepositoryConfigurationDelegate - Finished Spring Data repository scanning in 222 ms. Found 4 JPA repository interfaces.
24-05-07 23:13:40.396 [main] INFO  o.s.d.r.c.RepositoryConfigurationDelegate - Multiple Spring Data modules found, entering strict repository configuration mode
24-05-07 23:13:40.397 [main] INFO  o.s.d.r.c.RepositoryConfigurationDelegate - Bootstrapping Spring Data Redis repositories in DEFAULT mode.
24-05-07 23:13:40.417 [main] INFO  o.s.d.r.c.RepositoryConfigurationExtensionSupport - Spring Data Redis - Could not safely identify store assignment for repository candidate interface com.inkronsane.ReadArticlesServer.repository.ArticleRepository; If you want this repository to be a Redis repository, consider annotating your entities with one of these annotations: org.springframework.data.redis.core.RedisHash (preferred), or consider extending one of the following types with your repository: org.springframework.data.keyvalue.repository.KeyValueRepository
24-05-07 23:13:40.419 [main] INFO  o.s.d.r.c.RepositoryConfigurationExtensionSupport - Spring Data Redis - Could not safely identify store assignment for repository candidate interface com.inkronsane.ReadArticlesServer.repository.CommentRepository; If you want this repository to be a Redis repository, consider annotating your entities with one of these annotations: org.springframework.data.redis.core.RedisHash (preferred), or consider extending one of the following types with your repository: org.springframework.data.keyvalue.repository.KeyValueRepository
24-05-07 23:13:40.420 [main] INFO  o.s.d.r.c.RepositoryConfigurationExtensionSupport - Spring Data Redis - Could not safely identify store assignment for repository candidate interface com.inkronsane.ReadArticlesServer.repository.TagRepository; If you want this repository to be a Redis repository, consider annotating your entities with one of these annotations: org.springframework.data.redis.core.RedisHash (preferred), or consider extending one of the following types with your repository: org.springframework.data.keyvalue.repository.KeyValueRepository
24-05-07 23:13:40.420 [main] INFO  o.s.d.r.c.RepositoryConfigurationExtensionSupport - Spring Data Redis - Could not safely identify store assignment for repository candidate interface com.inkronsane.ReadArticlesServer.repository.UserRepository; If you want this repository to be a Redis repository, consider annotating your entities with one of these annotations: org.springframework.data.redis.core.RedisHash (preferred), or consider extending one of the following types with your repository: org.springframework.data.keyvalue.repository.KeyValueRepository
24-05-07 23:13:40.420 [main] INFO  o.s.d.r.c.RepositoryConfigurationDelegate - Finished Spring Data repository scanning in 11 ms. Found 0 Redis repository interfaces.
24-05-07 23:13:41.324 [main] INFO  o.s.b.w.e.tomcat.TomcatWebServer - Tomcat initialized with port 2448 (http)
24-05-07 23:13:41.342 [main] INFO  o.a.coyote.http11.Http11NioProtocol - Initializing ProtocolHandler ["http-nio-2448"]
24-05-07 23:13:41.346 [main] INFO  o.a.catalina.core.StandardService - Starting service [Tomcat]
24-05-07 23:13:41.346 [main] INFO  o.a.catalina.core.StandardEngine - Starting Servlet engine: [Apache Tomcat/10.1.20]
24-05-07 23:13:41.425 [main] INFO  o.a.c.c.C.[Tomcat].[localhost].[/] - Initializing Spring embedded WebApplicationContext
24-05-07 23:13:41.425 [main] INFO  o.s.b.w.s.c.ServletWebServerApplicationContext - Root WebApplicationContext: initialization completed in 2415 ms
24-05-07 23:13:41.537 [main] INFO  com.zaxxer.hikari.HikariDataSource - HikariPool-1 - Starting...
24-05-07 23:13:41.671 [main] INFO  com.zaxxer.hikari.pool.HikariPool - HikariPool-1 - Added connection org.sqlite.jdbc4.JDBC4Connection@37e55819
24-05-07 23:13:41.675 [main] INFO  com.zaxxer.hikari.HikariDataSource - HikariPool-1 - Start completed.
24-05-07 23:13:41.784 [main] INFO  o.f.c.i.license.VersionPrinter - Flyway Community Edition 9.22.3 by Redgate
24-05-07 23:13:41.785 [main] INFO  o.f.c.i.license.VersionPrinter - See release notes here: https://rd.gt/416ObMi
24-05-07 23:13:41.785 [main] INFO  o.f.c.i.license.VersionPrinter - 
24-05-07 23:13:41.800 [main] INFO  org.flywaydb.core.FlywayExecutor - Database: jdbc:sqlite:./src/main/resources/db/server.db (SQLite 3.43)
24-05-07 23:13:41.850 [main] INFO  o.f.core.internal.command.DbValidate - Successfully validated 1 migration (execution time 00:00.022s)
24-05-07 23:13:41.858 [main] INFO  o.f.core.internal.command.DbMigrate - Current version of schema "main": 1
24-05-07 23:13:41.861 [main] INFO  o.f.core.internal.command.DbMigrate - Schema "main" is up to date. No migration necessary.
24-05-07 23:13:41.974 [main] INFO  o.h.jpa.internal.util.LogHelper - HHH000204: Processing PersistenceUnitInfo [name: default]
24-05-07 23:13:42.101 [main] INFO  org.hibernate.Version - HHH000412: Hibernate ORM core version 6.4.4.Final
24-05-07 23:13:42.148 [main] INFO  o.h.c.i.RegionFactoryInitiator - HHH000026: Second-level cache disabled
24-05-07 23:13:42.517 [main] INFO  o.s.o.j.p.SpringPersistenceUnitInfo - No LoadTimeWeaver setup: ignoring JPA class transformer
24-05-07 23:13:44.118 [main] INFO  o.h.e.t.j.p.i.JtaPlatformInitiator - HHH000489: No JTA platform available (set 'hibernate.transaction.jta.platform' to enable JTA platform integration)
24-05-07 23:13:44.122 [main] INFO  o.s.o.j.LocalContainerEntityManagerFactoryBean - Initialized JPA EntityManagerFactory for persistence unit 'default'
24-05-07 23:13:44.395 [main] INFO  o.s.d.j.r.query.QueryEnhancerFactory - JSqlParser is in classpath; If applicable, JSqlParser will be used
24-05-07 23:13:44.395 [main] INFO  o.s.d.j.r.query.QueryEnhancerFactory - Hibernate is in classpath; If applicable, HQL parser will be used.
24-05-07 23:13:45.545 [main] WARN  o.s.b.a.o.j.JpaBaseConfiguration$JpaWebConfiguration - spring.jpa.open-in-view is enabled by default. Therefore, database queries may be performed during view rendering. Explicitly configure spring.jpa.open-in-view to disable this warning
24-05-07 23:13:45.870 [main] INFO  o.s.s.web.DefaultSecurityFilterChain - Will secure any request with [org.springframework.security.web.session.DisableEncodeUrlFilter@68c7162b, org.springframework.security.web.context.request.async.WebAsyncManagerIntegrationFilter@1e4d3c2e, org.springframework.security.web.context.SecurityContextHolderFilter@38e8f9a8, org.springframework.security.web.header.HeaderWriterFilter@16344151, org.springframework.web.filter.CorsFilter@593fcbe7, org.springframework.security.web.authentication.logout.LogoutFilter@216bd6cd, com.inkronsane.ReadArticlesServer.security.JwtAuthFilter@6d5376b7, org.springframework.security.web.savedrequest.RequestCacheAwareFilter@95237fc, org.springframework.security.web.servletapi.SecurityContextHolderAwareRequestFilter@73605fde, org.springframework.security.web.authentication.AnonymousAuthenticationFilter@4b13aca4, org.springframework.security.web.session.SessionManagementFilter@42985121, org.springframework.security.web.access.ExceptionTranslationFilter@3a95898c, org.springframework.security.web.access.intercept.AuthorizationFilter@65227bd6]
24-05-07 23:13:46.233 [main] INFO  o.a.coyote.http11.Http11NioProtocol - Starting ProtocolHandler ["http-nio-2448"]
24-05-07 23:13:46.258 [main] INFO  o.s.b.w.e.tomcat.TomcatWebServer - Tomcat started on port 2448 (http) with context path ''
24-05-07 23:13:46.275 [main] INFO  c.i.R.ReadArticlesServerApplication - Started ReadArticlesServerApplication in 14.947 seconds (process running for 16.304)
