24-05-13 09:49:16.613 [background-preinit] INFO  o.h.validator.internal.util.Version - HV000001: Hibernate Validator 8.0.1.Final
24-05-13 09:49:16.792 [main] INFO  o.s.b.d.c.l.DockerComposeLifecycleManager - Using Docker Compose file 'C:\Users\inkro\IdeaProjects\ReadArticlesServer\docker-compose.yml'
24-05-13 09:49:19.736 [OutputReader-stderr] INFO  o.s.b.docker.compose.core.DockerCli -  Container readarticlesserver-redis-1  Created
24-05-13 09:49:19.765 [OutputReader-stderr] INFO  o.s.b.docker.compose.core.DockerCli -  Container readarticlesserver-redis-1  Starting
24-05-13 09:49:21.829 [OutputReader-stderr] INFO  o.s.b.docker.compose.core.DockerCli -  Container readarticlesserver-redis-1  Started
24-05-13 09:49:21.830 [OutputReader-stderr] INFO  o.s.b.docker.compose.core.DockerCli -  Container readarticlesserver-redis-1  Waiting
24-05-13 09:49:22.355 [OutputReader-stderr] INFO  o.s.b.docker.compose.core.DockerCli -  Container readarticlesserver-redis-1  Healthy
24-05-13 09:49:24.378 [main] INFO  o.s.d.r.c.RepositoryConfigurationDelegate - Multiple Spring Data modules found, entering strict repository configuration mode
24-05-13 09:49:24.383 [main] INFO  o.s.d.r.c.RepositoryConfigurationDelegate - Bootstrapping Spring Data JPA repositories in DEFAULT mode.
24-05-13 09:49:24.684 [main] INFO  o.s.d.r.c.RepositoryConfigurationDelegate - Finished Spring Data repository scanning in 287 ms. Found 5 JPA repository interfaces.
24-05-13 09:49:24.716 [main] INFO  o.s.d.r.c.RepositoryConfigurationDelegate - Multiple Spring Data modules found, entering strict repository configuration mode
24-05-13 09:49:24.718 [main] INFO  o.s.d.r.c.RepositoryConfigurationDelegate - Bootstrapping Spring Data Redis repositories in DEFAULT mode.
24-05-13 09:49:24.745 [main] INFO  o.s.d.r.c.RepositoryConfigurationExtensionSupport - Spring Data Redis - Could not safely identify store assignment for repository candidate interface com.inkronsane.ReadArticlesServer.repository.ArticleRepository; If you want this repository to be a Redis repository, consider annotating your entities with one of these annotations: org.springframework.data.redis.core.RedisHash (preferred), or consider extending one of the following types with your repository: org.springframework.data.keyvalue.repository.KeyValueRepository
24-05-13 09:49:24.746 [main] INFO  o.s.d.r.c.RepositoryConfigurationExtensionSupport - Spring Data Redis - Could not safely identify store assignment for repository candidate interface com.inkronsane.ReadArticlesServer.repository.CommentRepository; If you want this repository to be a Redis repository, consider annotating your entities with one of these annotations: org.springframework.data.redis.core.RedisHash (preferred), or consider extending one of the following types with your repository: org.springframework.data.keyvalue.repository.KeyValueRepository
24-05-13 09:49:24.747 [main] INFO  o.s.d.r.c.RepositoryConfigurationExtensionSupport - Spring Data Redis - Could not safely identify store assignment for repository candidate interface com.inkronsane.ReadArticlesServer.repository.RoleRepository; If you want this repository to be a Redis repository, consider annotating your entities with one of these annotations: org.springframework.data.redis.core.RedisHash (preferred), or consider extending one of the following types with your repository: org.springframework.data.keyvalue.repository.KeyValueRepository
24-05-13 09:49:24.747 [main] INFO  o.s.d.r.c.RepositoryConfigurationExtensionSupport - Spring Data Redis - Could not safely identify store assignment for repository candidate interface com.inkronsane.ReadArticlesServer.repository.TagRepository; If you want this repository to be a Redis repository, consider annotating your entities with one of these annotations: org.springframework.data.redis.core.RedisHash (preferred), or consider extending one of the following types with your repository: org.springframework.data.keyvalue.repository.KeyValueRepository
24-05-13 09:49:24.747 [main] INFO  o.s.d.r.c.RepositoryConfigurationExtensionSupport - Spring Data Redis - Could not safely identify store assignment for repository candidate interface com.inkronsane.ReadArticlesServer.repository.UserRepository; If you want this repository to be a Redis repository, consider annotating your entities with one of these annotations: org.springframework.data.redis.core.RedisHash (preferred), or consider extending one of the following types with your repository: org.springframework.data.keyvalue.repository.KeyValueRepository
24-05-13 09:49:24.747 [main] INFO  o.s.d.r.c.RepositoryConfigurationDelegate - Finished Spring Data repository scanning in 13 ms. Found 0 Redis repository interfaces.
24-05-13 09:49:25.510 [main] INFO  o.s.b.w.e.tomcat.TomcatWebServer - Tomcat initialized with port 2448 (http)
24-05-13 09:49:25.525 [main] INFO  o.a.coyote.http11.Http11NioProtocol - Initializing ProtocolHandler ["http-nio-2448"]
24-05-13 09:49:25.527 [main] INFO  o.a.catalina.core.StandardService - Starting service [Tomcat]
24-05-13 09:49:25.528 [main] INFO  o.a.catalina.core.StandardEngine - Starting Servlet engine: [Apache Tomcat/10.1.20]
24-05-13 09:49:25.612 [main] INFO  o.a.c.c.C.[Tomcat].[localhost].[/] - Initializing Spring embedded WebApplicationContext
24-05-13 09:49:25.612 [main] INFO  o.s.b.w.s.c.ServletWebServerApplicationContext - Root WebApplicationContext: initialization completed in 2310 ms
24-05-13 09:49:25.727 [main] INFO  com.zaxxer.hikari.HikariDataSource - HikariPool-1 - Starting...
24-05-13 09:49:25.866 [main] INFO  com.zaxxer.hikari.pool.HikariPool - HikariPool-1 - Added connection org.sqlite.jdbc4.JDBC4Connection@5341e71a
24-05-13 09:49:25.869 [main] INFO  com.zaxxer.hikari.HikariDataSource - HikariPool-1 - Start completed.
24-05-13 09:49:25.988 [main] INFO  o.f.c.i.license.VersionPrinter - Flyway Community Edition 9.22.3 by Redgate
24-05-13 09:49:25.988 [main] INFO  o.f.c.i.license.VersionPrinter - See release notes here: https://rd.gt/416ObMi
24-05-13 09:49:25.988 [main] INFO  o.f.c.i.license.VersionPrinter - 
24-05-13 09:49:26.006 [main] INFO  org.flywaydb.core.FlywayExecutor - Database: jdbc:sqlite:./src/main/resources/db/server.db (SQLite 3.43)
24-05-13 09:49:26.048 [main] INFO  o.f.core.internal.command.DbValidate - Successfully validated 3 migrations (execution time 00:00.018s)
24-05-13 09:49:26.055 [main] INFO  o.f.core.internal.command.DbMigrate - Current version of schema "main": 3
24-05-13 09:49:26.058 [main] INFO  o.f.core.internal.command.DbMigrate - Schema "main" is up to date. No migration necessary.
24-05-13 09:49:26.159 [main] INFO  o.h.jpa.internal.util.LogHelper - HHH000204: Processing PersistenceUnitInfo [name: default]
24-05-13 09:49:26.287 [main] INFO  org.hibernate.Version - HHH000412: Hibernate ORM core version 6.4.4.Final
24-05-13 09:49:26.343 [main] INFO  o.h.c.i.RegionFactoryInitiator - HHH000026: Second-level cache disabled
24-05-13 09:49:26.848 [main] INFO  o.s.o.j.p.SpringPersistenceUnitInfo - No LoadTimeWeaver setup: ignoring JPA class transformer
24-05-13 09:49:28.404 [main] INFO  o.h.e.t.j.p.i.JtaPlatformInitiator - HHH000489: No JTA platform available (set 'hibernate.transaction.jta.platform' to enable JTA platform integration)
24-05-13 09:49:28.407 [main] INFO  o.s.o.j.LocalContainerEntityManagerFactoryBean - Initialized JPA EntityManagerFactory for persistence unit 'default'
24-05-13 09:49:28.920 [main] INFO  o.s.d.j.r.query.QueryEnhancerFactory - JSqlParser is in classpath; If applicable, JSqlParser will be used
24-05-13 09:49:28.920 [main] INFO  o.s.d.j.r.query.QueryEnhancerFactory - Hibernate is in classpath; If applicable, HQL parser will be used.
24-05-13 09:49:29.973 [main] WARN  o.s.b.a.o.j.JpaBaseConfiguration$JpaWebConfiguration - spring.jpa.open-in-view is enabled by default. Therefore, database queries may be performed during view rendering. Explicitly configure spring.jpa.open-in-view to disable this warning
24-05-13 09:49:30.322 [main] INFO  o.s.s.web.DefaultSecurityFilterChain - Will secure any request with [org.springframework.security.web.session.DisableEncodeUrlFilter@7b81283, org.springframework.security.web.context.request.async.WebAsyncManagerIntegrationFilter@5e8b5e7d, org.springframework.security.web.context.SecurityContextHolderFilter@50eaafd6, org.springframework.security.web.header.HeaderWriterFilter@50dfac19, org.springframework.web.filter.CorsFilter@5c5812c, org.springframework.security.web.authentication.logout.LogoutFilter@490fa135, com.inkronsane.ReadArticlesServer.security.JwtAuthFilter@1ff65426, org.springframework.security.web.savedrequest.RequestCacheAwareFilter@5d225368, org.springframework.security.web.servletapi.SecurityContextHolderAwareRequestFilter@48f9f1d6, org.springframework.security.web.authentication.AnonymousAuthenticationFilter@77de3401, org.springframework.security.web.session.SessionManagementFilter@92f6ae6, org.springframework.security.web.access.ExceptionTranslationFilter@40f95b87, org.springframework.security.web.access.intercept.AuthorizationFilter@271fdeaf]
24-05-13 09:49:30.842 [main] INFO  o.a.coyote.http11.Http11NioProtocol - Starting ProtocolHandler ["http-nio-2448"]
24-05-13 09:49:30.864 [main] INFO  o.s.b.w.e.tomcat.TomcatWebServer - Tomcat started on port 2448 (http) with context path ''
